<?xml version="1.0" encoding="UTF-8"?>
<!-- Generated by org.testng.reporters.JUnitReportReporter -->
<testsuite hostname="QCLAP306-Abhinay" name="BookSearch" tests="1" failures="0" timestamp="16 Jun 2016 13:53:25 GMT" time="22.373" errors="0">
  <testcase name="setUp" time="22.373" classname="BookSearch"/>
</testsuite> <!-- BookSearch -->
